c:\users\craig\documents\cs_project_ffr\facial feature detection\facial feature detection\x64\release\vc142.pdb
c:\users\craig\documents\cs_project_ffr\facial feature detection\facial feature detection\x64\release\bmpio.obj
c:\users\craig\documents\cs_project_ffr\facial feature detection\facial feature detection\x64\release\inputfile.obj
c:\users\craig\documents\cs_project_ffr\facial feature detection\facial feature detection\x64\release\main.obj
c:\users\craig\documents\cs_project_ffr\facial feature detection\facial feature detection\x64\release\datamodel.obj
c:\users\craig\documents\cs_project_ffr\facial feature detection\facial feature detection\x64\release\videoprocu.obj
c:\users\craig\documents\cs_project_ffr\facial feature detection\facial feature detection\x64\release\readfile.obj
c:\users\craig\documents\cs_project_ffr\facial feature detection\facial feature detection\x64\release\datamodels.obj
c:\users\craig\documents\cs_project_ffr\facial feature detection\x64\release\facial feature detection.ipdb
c:\users\craig\documents\cs_project_ffr\facial feature detection\x64\release\facial feature detection.iobj
c:\users\craig\documents\cs_project_ffr\facial feature detection\x64\release\facial feature detection.exe
c:\users\craig\documents\cs_project_ffr\facial feature detection\x64\release\facial feature detection.pdb
c:\users\craig\documents\cs_project_ffr\facial feature detection\facial feature detection\x64\release\facial f.6d51186f.tlog\cl.command.1.tlog
c:\users\craig\documents\cs_project_ffr\facial feature detection\facial feature detection\x64\release\facial f.6d51186f.tlog\cl.read.1.tlog
c:\users\craig\documents\cs_project_ffr\facial feature detection\facial feature detection\x64\release\facial f.6d51186f.tlog\cl.write.1.tlog
c:\users\craig\documents\cs_project_ffr\facial feature detection\facial feature detection\x64\release\facial f.6d51186f.tlog\facial feature detection.write.1u.tlog
c:\users\craig\documents\cs_project_ffr\facial feature detection\facial feature detection\x64\release\facial f.6d51186f.tlog\link.command.1.tlog
c:\users\craig\documents\cs_project_ffr\facial feature detection\facial feature detection\x64\release\facial f.6d51186f.tlog\link.delete.1.tlog
c:\users\craig\documents\cs_project_ffr\facial feature detection\facial feature detection\x64\release\facial f.6d51186f.tlog\link.read.1.tlog
c:\users\craig\documents\cs_project_ffr\facial feature detection\facial feature detection\x64\release\facial f.6d51186f.tlog\link.write.1.tlog
